<<<<<<< HEAD
2019-08-18 10:02:16 views.post: 970524784@qq.com注册成功
2019-08-18 10:10:59 views.post: 970524784@qq.com登陆成功
2019-08-18 10:12:22 views.get: None注销成功
2019-08-18 10:15:04 views.post: 970524784@qq.com登陆成功
2019-08-18 10:17:34 views.post: 970524784@qq.com登陆成功
2019-08-18 10:19:15 views.post: 970524784@qq.com登陆成功
<<<<<<< HEAD
2019-08-18 11:02:10 views.post: 970524784@qq.com登陆成功
2019-08-18 13:01:48 views.post: 970524784@qq.com登陆成功
2019-08-18 13:02:52 views.post: 970524784@qq.com登陆成功
2019-08-18 13:04:08 views.post: 970524784@qq.com登陆成功
=======
2019-08-18 11:53:26 views.post: 970524784@qq.com登陆成功
2019-08-18 11:54:39 views.post: 970524784@qq.com登陆成功
2019-08-18 11:57:54 views.post: 970524784@qq.com登陆成功
2019-08-18 11:59:09 views.post: 970524784@qq.com登陆成功
2019-08-18 12:02:39 views.post: 970524784@qq.com登陆成功
2019-08-18 12:05:33 views.post: 970524784@qq.com登陆成功
2019-08-18 12:07:31 views.post: 970524784@qq.com登陆成功
2019-08-18 12:09:20 views.post: 970524784@qq.com登陆成功
2019-08-18 12:14:34 views.post: 970524784@qq.com登陆成功
2019-08-18 12:19:44 views.post: 970524784@qq.com登陆成功
2019-08-18 12:21:18 views.post: 970524784@qq.com登陆成功
2019-08-18 12:25:47 views.post: 970524784@qq.com登陆成功
2019-08-18 12:30:39 views.post: 970524784@qq.com登陆成功
2019-08-18 12:32:31 views.post: 970524784@qq.com登陆成功
2019-08-18 13:02:07 views.post: 970524784@qq.com登陆成功
2019-08-18 13:04:14 views.post: 970524784@qq.com登陆成功
2019-08-18 13:08:43 views.post: 970524784@qq.com登陆成功
2019-08-18 13:29:41 views.post: 970524784@qq.com登陆成功
2019-08-18 13:31:18 views.post: 970524784@qq.com登陆成功
2019-08-18 13:32:56 views.post: 970524784@qq.com登陆成功
2019-08-18 13:43:52 views.post: 970524784@qq.com登陆成功
2019-08-18 13:44:34 views.post: 970524784@qq.com登陆成功
2019-08-18 13:45:14 views.post: 970524784@qq.com登陆成功
2019-08-18 13:46:29 views.post: 970524784@qq.com登陆成功
2019-08-18 13:49:59 views.post: 970524784@qq.com登陆成功
2019-08-18 13:53:29 views.post: 970524784@qq.com登陆成功
2019-08-18 13:55:12 views.post: 970524784@qq.com登陆成功
2019-08-18 13:55:51 views.post: 970524784@qq.com登陆成功
2019-08-18 14:37:21 views.post: 970524784@qq.com登陆成功
2019-08-18 14:40:14 views.post: 970524784@qq.com登陆成功
2019-08-18 14:41:00 views.post: 970524784@qq.com登陆成功
2019-08-18 14:46:37 views.post: 970524784@qq.com登陆成功
2019-08-18 15:07:22 views.post: 970524784@qq.com登陆成功
2019-08-18 15:20:07 views.post: 970524784@qq.com登陆成功
2019-08-18 15:20:25 views.post: 970524784@qq.com登陆成功
2019-08-18 15:34:07 views.post: 970524784@qq.com登陆成功
2019-08-18 15:50:04 views.post: 970524784@qq.com登陆成功
2019-08-18 15:51:45 views.post: 970524784@qq.com登陆成功
2019-08-18 15:52:20 views.post: 970524784@qq.com登陆成功
2019-08-18 16:11:53 views.post: 970524784@qq.com登陆成功
2019-08-18 16:12:50 views.post: 970524784@qq.com登陆成功
2019-08-18 16:14:52 views.post: 970524784@qq.com登陆成功
2019-08-18 16:16:20 views.post: 970524784@qq.com登陆成功
2019-08-18 16:22:42 views.post: 970524784@qq.com登陆成功
>>>>>>> slj
=======
2019-08-18 12:04:31 views.post: 970524784@qq.com登陆成功
2019-08-18 12:06:57 views.post: 970524784@qq.com登陆成功
2019-08-18 12:07:41 views.post: 970524784@qq.com登陆成功
2019-08-18 12:08:15 views.post: 970524784@qq.com登陆成功
>>>>>>> pqw
